C:\USERS\DIETER\DOCUMENTS\VISUAL STUDIO 2010\PROJECTS\CHOAYRINTHA-AMAZIA\CHOAYRINTHA-AMAZIA\DEBUG\BOOBYTRAPITEM.OBJ
C:\USERS\DIETER\DOCUMENTS\VISUAL STUDIO 2010\PROJECTS\CHOAYRINTHA-AMAZIA\CHOAYRINTHA-AMAZIA\DEBUG\BOOBYTRAPTREASUREITEM.OBJ
C:\USERS\DIETER\DOCUMENTS\VISUAL STUDIO 2010\PROJECTS\CHOAYRINTHA-AMAZIA\CHOAYRINTHA-AMAZIA\DEBUG\CHOAYRINTHA-AMAZIA.EXE.EMBED.MANIFEST
C:\USERS\DIETER\DOCUMENTS\VISUAL STUDIO 2010\PROJECTS\CHOAYRINTHA-AMAZIA\CHOAYRINTHA-AMAZIA\DEBUG\CHOAYRINTHA-AMAZIA.EXE.EMBED.MANIFEST.RES
C:\USERS\DIETER\DOCUMENTS\VISUAL STUDIO 2010\PROJECTS\CHOAYRINTHA-AMAZIA\CHOAYRINTHA-AMAZIA\DEBUG\CHOAYRINTHA-AMAZIA.EXE.INTERMEDIATE.MANIFEST
C:\Users\Dieter\Documents\Visual Studio 2010\Projects\CHOAYRINTHA-AMAZIA\CHOAYRINTHA-AMAZIA\Debug\CHOAYRINTHA-AMAZIA_manifest.rc
C:\Users\Dieter\Documents\Visual Studio 2010\Projects\CHOAYRINTHA-AMAZIA\CHOAYRINTHA-AMAZIA\Debug\cl.command.1.tlog
C:\Users\Dieter\Documents\Visual Studio 2010\Projects\CHOAYRINTHA-AMAZIA\CHOAYRINTHA-AMAZIA\Debug\CL.read.1.tlog
C:\Users\Dieter\Documents\Visual Studio 2010\Projects\CHOAYRINTHA-AMAZIA\CHOAYRINTHA-AMAZIA\Debug\CL.write.1.tlog
C:\USERS\DIETER\DOCUMENTS\VISUAL STUDIO 2010\PROJECTS\CHOAYRINTHA-AMAZIA\CHOAYRINTHA-AMAZIA\DEBUG\CONSOLEWINDOW.OBJ
C:\USERS\DIETER\DOCUMENTS\VISUAL STUDIO 2010\PROJECTS\CHOAYRINTHA-AMAZIA\CHOAYRINTHA-AMAZIA\DEBUG\DFSMAZE.OBJ
C:\USERS\DIETER\DOCUMENTS\VISUAL STUDIO 2010\PROJECTS\CHOAYRINTHA-AMAZIA\CHOAYRINTHA-AMAZIA\DEBUG\HISCORE.OBJ
C:\Users\Dieter\Documents\Visual Studio 2010\Projects\CHOAYRINTHA-AMAZIA\CHOAYRINTHA-AMAZIA\Debug\link.5548.read.1.tlog
C:\Users\Dieter\Documents\Visual Studio 2010\Projects\CHOAYRINTHA-AMAZIA\CHOAYRINTHA-AMAZIA\Debug\link.5548.write.1.tlog
C:\Users\Dieter\Documents\Visual Studio 2010\Projects\CHOAYRINTHA-AMAZIA\CHOAYRINTHA-AMAZIA\Debug\link.5548-cvtres.read.1.tlog
C:\Users\Dieter\Documents\Visual Studio 2010\Projects\CHOAYRINTHA-AMAZIA\CHOAYRINTHA-AMAZIA\Debug\link.5548-cvtres.write.1.tlog
C:\Users\Dieter\Documents\Visual Studio 2010\Projects\CHOAYRINTHA-AMAZIA\CHOAYRINTHA-AMAZIA\Debug\link.command.1.tlog
C:\Users\Dieter\Documents\Visual Studio 2010\Projects\CHOAYRINTHA-AMAZIA\CHOAYRINTHA-AMAZIA\Debug\link.read.1.tlog
C:\Users\Dieter\Documents\Visual Studio 2010\Projects\CHOAYRINTHA-AMAZIA\CHOAYRINTHA-AMAZIA\Debug\link.write.1.tlog
C:\Users\Dieter\Documents\Visual Studio 2010\Projects\CHOAYRINTHA-AMAZIA\CHOAYRINTHA-AMAZIA\Debug\link-cvtres.read.1.tlog
C:\Users\Dieter\Documents\Visual Studio 2010\Projects\CHOAYRINTHA-AMAZIA\CHOAYRINTHA-AMAZIA\Debug\link-cvtres.write.1.tlog
C:\USERS\DIETER\DOCUMENTS\VISUAL STUDIO 2010\PROJECTS\CHOAYRINTHA-AMAZIA\CHOAYRINTHA-AMAZIA\DEBUG\MAIN.OBJ
C:\USERS\DIETER\DOCUMENTS\VISUAL STUDIO 2010\PROJECTS\CHOAYRINTHA-AMAZIA\CHOAYRINTHA-AMAZIA\DEBUG\MAZE.OBJ
C:\Users\Dieter\Documents\Visual Studio 2010\Projects\CHOAYRINTHA-AMAZIA\CHOAYRINTHA-AMAZIA\Debug\mt.command.1.tlog
C:\Users\Dieter\Documents\Visual Studio 2010\Projects\CHOAYRINTHA-AMAZIA\CHOAYRINTHA-AMAZIA\Debug\mt.read.1.tlog
C:\Users\Dieter\Documents\Visual Studio 2010\Projects\CHOAYRINTHA-AMAZIA\CHOAYRINTHA-AMAZIA\Debug\mt.write.1.tlog
C:\USERS\DIETER\DOCUMENTS\VISUAL STUDIO 2010\PROJECTS\CHOAYRINTHA-AMAZIA\CHOAYRINTHA-AMAZIA\DEBUG\PLAYER.OBJ
C:\Users\Dieter\Documents\Visual Studio 2010\Projects\CHOAYRINTHA-AMAZIA\CHOAYRINTHA-AMAZIA\Debug\rc.command.1.tlog
C:\Users\Dieter\Documents\Visual Studio 2010\Projects\CHOAYRINTHA-AMAZIA\CHOAYRINTHA-AMAZIA\Debug\rc.read.1.tlog
C:\Users\Dieter\Documents\Visual Studio 2010\Projects\CHOAYRINTHA-AMAZIA\CHOAYRINTHA-AMAZIA\Debug\rc.write.1.tlog
C:\USERS\DIETER\DOCUMENTS\VISUAL STUDIO 2010\PROJECTS\CHOAYRINTHA-AMAZIA\CHOAYRINTHA-AMAZIA\DEBUG\TREASUREITEM.OBJ
C:\Users\Dieter\Documents\Visual Studio 2010\Projects\CHOAYRINTHA-AMAZIA\CHOAYRINTHA-AMAZIA\Debug\vc100.idb
C:\USERS\DIETER\DOCUMENTS\VISUAL STUDIO 2010\PROJECTS\CHOAYRINTHA-AMAZIA\CHOAYRINTHA-AMAZIA\DEBUG\VC100.PDB
C:\USERS\DIETER\DOCUMENTS\VISUAL STUDIO 2010\PROJECTS\CHOAYRINTHA-AMAZIA\CHOAYRINTHA-AMAZIA\DEBUG\VIRTUALITEM.OBJ
C:\USERS\DIETER\DOCUMENTS\VISUAL STUDIO 2010\PROJECTS\CHOAYRINTHA-AMAZIA\DEBUG\CHOAYRINTHA-AMAZIA.EXE
C:\USERS\DIETER\DOCUMENTS\VISUAL STUDIO 2010\PROJECTS\CHOAYRINTHA-AMAZIA\DEBUG\CHOAYRINTHA-AMAZIA.ILK
C:\USERS\DIETER\DOCUMENTS\VISUAL STUDIO 2010\PROJECTS\CHOAYRINTHA-AMAZIA\DEBUG\CHOAYRINTHA-AMAZIA.PDB
